2018-03-14 09:08:34 [INFO ] [WaitHelper] - [<init>] Wait Helper : 4529308
2018-03-14 09:08:34 [INFO ] [WaitHelper] - [setImplicitWait] 10
2018-03-14 09:08:42 [INFO ] [SignInPage] - [enterEmail] Email address entered...
2018-03-14 09:08:42 [INFO ] [SignInPage] - [enterPassword] Password entered...
2018-03-14 09:08:44 [INFO ] [SignInPage] - [clickSignIn] SignIn Button clicked...
2018-03-14 09:08:44 [INFO ] [SignInPage] - [verifySuccessLoginMessage] SignIn successful...
2018-03-14 09:09:45 [INFO ] [SignInPage] - [newCustomerContinue] Create New User Button clicked...
2018-03-14 09:09:45 [INFO ] [SignInPage] - [clickGender] Gender Option clicked...
2018-03-14 09:09:45 [INFO ] [SignInPage] - [enterFirstName] First Name entered...
2018-03-14 09:09:45 [INFO ] [SignInPage] - [enterLastName] Last Name entered...
2018-03-14 09:09:46 [INFO ] [SignInPage] - [enterBirthDate] Date Of Birth entered...
2018-03-14 09:09:46 [INFO ] [SignInPage] - [enterEmail] Email address entered...
2018-03-14 09:09:46 [INFO ] [SignInPage] - [enterEmail] Email address entered...
2018-03-14 09:09:47 [INFO ] [SignInPage] - [enterAddress] Address entered...
2018-03-14 09:09:47 [INFO ] [SignInPage] - [enterPostalCode] Postal Code entered...
2018-03-14 09:09:47 [INFO ] [SignInPage] - [enterCity] City entered...
2018-03-14 09:09:47 [INFO ] [SignInPage] - [enterCity] City entered...
2018-03-14 09:14:33 [INFO ] [SignInPage] - [newCustomerContinue] Create New User Button clicked...
2018-03-14 09:14:33 [INFO ] [SignInPage] - [clickGender] Gender Option clicked...
2018-03-14 09:14:34 [INFO ] [SignInPage] - [enterFirstName] First Name entered...
2018-03-14 09:14:34 [INFO ] [SignInPage] - [enterLastName] Last Name entered...
2018-03-14 09:14:34 [INFO ] [SignInPage] - [enterBirthDate] Date Of Birth entered...
2018-03-14 09:14:35 [INFO ] [SignInPage] - [enterEmail] Email address entered...
2018-03-14 09:14:35 [INFO ] [SignInPage] - [enterEmail] Email address entered...
2018-03-14 09:14:35 [INFO ] [SignInPage] - [enterAddress] Address entered...
2018-03-14 09:14:35 [INFO ] [SignInPage] - [enterPostalCode] Postal Code entered...
2018-03-14 09:14:35 [INFO ] [SignInPage] - [enterCity] City entered...
2018-03-14 09:14:36 [INFO ] [SignInPage] - [enterCity] City entered...
2018-03-14 09:15:45 [INFO ] [SignInPage] - [newCustomerContinue] Create New User Button clicked...
2018-03-14 09:15:45 [INFO ] [SignInPage] - [clickGender] Gender Option clicked...
2018-03-14 09:15:45 [INFO ] [SignInPage] - [enterFirstName] First Name entered...
2018-03-14 09:15:45 [INFO ] [SignInPage] - [enterLastName] Last Name entered...
2018-03-14 09:15:46 [INFO ] [SignInPage] - [enterBirthDate] Date Of Birth entered...
2018-03-14 09:15:46 [INFO ] [SignInPage] - [enterEmail] Email address entered...
2018-03-14 09:15:46 [INFO ] [SignInPage] - [enterEmail] Email address entered...
2018-03-14 09:15:47 [INFO ] [SignInPage] - [enterAddress] Address entered...
2018-03-14 09:15:47 [INFO ] [SignInPage] - [enterPostalCode] Postal Code entered...
2018-03-14 09:15:47 [INFO ] [SignInPage] - [enterCity] City entered...
2018-03-14 09:15:47 [INFO ] [SignInPage] - [enterCity] City entered...
2018-03-14 09:25:28 [INFO ] [SignInPage] - [newCustomerContinue] Create New User Button clicked...
2018-03-14 09:25:28 [INFO ] [SignInPage] - [clickGender] Gender Option clicked...
2018-03-14 09:25:29 [INFO ] [SignInPage] - [enterFirstName] First Name entered...
2018-03-14 09:25:29 [INFO ] [SignInPage] - [enterLastName] Last Name entered...
2018-03-14 09:25:29 [INFO ] [SignInPage] - [enterBirthDate] Date Of Birth entered...
2018-03-14 09:25:29 [INFO ] [SignInPage] - [enterEmail] Email address entered...
2018-03-14 09:25:30 [INFO ] [SignInPage] - [enterCompanyName] Company Name entered...
2018-03-14 09:25:30 [INFO ] [SignInPage] - [enterAddress] Address entered...
2018-03-14 09:25:30 [INFO ] [SignInPage] - [enterPostalCode] Postal Code entered...
2018-03-14 09:25:30 [INFO ] [SignInPage] - [enterCity] City entered...
2018-03-14 09:25:31 [INFO ] [SignInPage] - [enterState] State entered...
2018-03-14 09:27:19 [INFO ] [SignInPage] - [newCustomerContinue] Create New User Button clicked...
2018-03-14 09:27:19 [INFO ] [SignInPage] - [clickGender] Gender Option clicked...
2018-03-14 09:27:20 [INFO ] [SignInPage] - [enterFirstName] First Name entered...
2018-03-14 09:27:20 [INFO ] [SignInPage] - [enterLastName] Last Name entered...
2018-03-14 09:27:20 [INFO ] [SignInPage] - [enterBirthDate] Date Of Birth entered...
2018-03-14 09:27:20 [INFO ] [SignInPage] - [enterEmail] Email address entered...
2018-03-14 09:27:21 [INFO ] [SignInPage] - [enterCompanyName] Company Name entered...
2018-03-14 09:27:21 [INFO ] [SignInPage] - [enterAddress] Address entered...
2018-03-14 09:27:21 [INFO ] [SignInPage] - [enterPostalCode] Postal Code entered...
2018-03-14 09:27:21 [INFO ] [SignInPage] - [enterCity] City entered...
2018-03-14 09:27:22 [INFO ] [SignInPage] - [enterState] State entered...
2018-03-14 09:28:36 [INFO ] [SignInPage] - [newCustomerContinue] Create New User Button clicked...
2018-03-14 09:28:36 [INFO ] [SignInPage] - [clickGender] Gender Option clicked...
2018-03-14 09:28:37 [INFO ] [SignInPage] - [enterFirstName] First Name entered...
2018-03-14 09:28:37 [INFO ] [SignInPage] - [enterLastName] Last Name entered...
2018-03-14 09:28:37 [INFO ] [SignInPage] - [enterBirthDate] Date Of Birth entered...
2018-03-14 09:28:37 [INFO ] [SignInPage] - [enterEmail] Email address entered...
2018-03-14 09:28:38 [INFO ] [SignInPage] - [enterCompanyName] Company Name entered...
2018-03-14 09:28:38 [INFO ] [SignInPage] - [enterAddress] Address entered...
2018-03-14 09:28:38 [INFO ] [SignInPage] - [enterPostalCode] Postal Code entered...
2018-03-14 09:28:38 [INFO ] [SignInPage] - [enterCity] City entered...
2018-03-14 09:28:39 [INFO ] [SignInPage] - [enterState] State entered...
2018-03-14 09:34:42 [INFO ] [SignInPage] - [newCustomerContinue] Create New User Button clicked...
2018-03-14 09:34:42 [INFO ] [SignInPage] - [clickGender] Gender Option clicked...
2018-03-14 09:34:42 [INFO ] [SignInPage] - [enterFirstName] First Name entered...
2018-03-14 09:34:42 [INFO ] [SignInPage] - [enterLastName] Last Name entered...
2018-03-14 09:34:42 [INFO ] [SignInPage] - [enterBirthDate] Date Of Birth entered...
2018-03-14 09:34:43 [INFO ] [SignInPage] - [enterEmail] Email address entered...
2018-03-14 09:34:43 [INFO ] [SignInPage] - [enterCompanyName] Company Name entered...
2018-03-14 09:34:44 [INFO ] [SignInPage] - [enterAddress] Address entered...
2018-03-14 09:34:44 [INFO ] [SignInPage] - [enterPostalCode] Postal Code entered...
2018-03-14 09:34:44 [INFO ] [SignInPage] - [enterCity] City entered...
2018-03-14 09:34:44 [INFO ] [SignInPage] - [enterState] State entered...
2018-03-14 09:36:16 [INFO ] [SignInPage] - [newCustomerContinue] Create New User Button clicked...
2018-03-14 09:36:17 [INFO ] [SignInPage] - [clickGender] Gender Option clicked...
2018-03-14 09:36:17 [INFO ] [SignInPage] - [enterFirstName] First Name entered...
2018-03-14 09:36:17 [INFO ] [SignInPage] - [enterLastName] Last Name entered...
2018-03-14 09:36:17 [INFO ] [SignInPage] - [enterBirthDate] Date Of Birth entered...
2018-03-14 09:36:17 [INFO ] [SignInPage] - [enterEmail] Email address entered...
2018-03-14 09:36:18 [INFO ] [SignInPage] - [enterCompanyName] Company Name entered...
2018-03-14 09:36:18 [INFO ] [SignInPage] - [enterAddress] Address entered...
2018-03-14 09:36:18 [INFO ] [SignInPage] - [enterPostalCode] Postal Code entered...
2018-03-14 09:36:18 [INFO ] [SignInPage] - [enterCity] City entered...
2018-03-14 09:36:19 [INFO ] [SignInPage] - [enterState] State entered...
2018-03-14 09:39:32 [INFO ] [SignInPage] - [newCustomerContinue] Create New User Button clicked...
2018-03-14 09:39:32 [INFO ] [SignInPage] - [clickGender] Gender Option clicked...
2018-03-14 09:39:32 [INFO ] [SignInPage] - [enterFirstName] First Name entered...
2018-03-14 09:39:32 [INFO ] [SignInPage] - [enterLastName] Last Name entered...
2018-03-14 09:39:33 [INFO ] [SignInPage] - [enterBirthDate] Date Of Birth entered...
2018-03-14 09:39:33 [INFO ] [SignInPage] - [enterEmail] Email address entered...
2018-03-14 09:39:33 [INFO ] [SignInPage] - [enterCompanyName] Company Name entered...
2018-03-14 09:39:34 [INFO ] [SignInPage] - [enterAddress] Address entered...
2018-03-14 09:39:34 [INFO ] [SignInPage] - [enterPostalCode] Postal Code entered...
2018-03-14 09:39:34 [INFO ] [SignInPage] - [enterCity] City entered...
2018-03-14 09:39:34 [INFO ] [SignInPage] - [enterState] State entered...
2018-03-14 09:39:35 [INFO ] [DropDownHelper] - [selectByVisibleText] Element : [[ChromeDriver: chrome on XP (37b64b6f827e5fd2ac50656713d083f9)] -> name: country]Visible Text : India
2018-03-14 09:39:35 [INFO ] [SignInPage] - [selectCounty] County selected...
2018-03-14 09:39:36 [INFO ] [SignInPage] - [enterTelephoneNumber] Telephone Number entered...
2018-03-14 09:39:36 [INFO ] [SignInPage] - [enterPassword] Password entered...
2018-03-14 09:39:36 [INFO ] [SignInPage] - [enterConfirmPassowrd] Confirm Password entered...
2018-03-14 09:40:58 [INFO ] [SignInPage] - [newCustomerContinue] Create New User Button clicked...
2018-03-14 09:40:58 [INFO ] [SignInPage] - [clickGender] Gender Option clicked...
2018-03-14 09:40:59 [INFO ] [SignInPage] - [enterFirstName] First Name entered...
2018-03-14 09:40:59 [INFO ] [SignInPage] - [enterLastName] Last Name entered...
2018-03-14 09:40:59 [INFO ] [SignInPage] - [enterBirthDate] Date Of Birth entered...
2018-03-14 09:40:59 [INFO ] [SignInPage] - [enterEmail] Email address entered...
2018-03-14 09:41:00 [INFO ] [SignInPage] - [enterCompanyName] Company Name entered...
2018-03-14 09:41:00 [INFO ] [SignInPage] - [enterAddress] Address entered...
2018-03-14 09:41:00 [INFO ] [SignInPage] - [enterPostalCode] Postal Code entered...
2018-03-14 09:41:01 [INFO ] [SignInPage] - [enterCity] City entered...
2018-03-14 09:41:01 [INFO ] [SignInPage] - [enterState] State entered...
2018-03-14 09:41:01 [INFO ] [DropDownHelper] - [selectByVisibleText] Element : [[ChromeDriver: chrome on XP (0e753244599b625c169cab445837c851)] -> name: country]Visible Text : India
2018-03-14 09:41:01 [INFO ] [SignInPage] - [selectCounty] County selected...
2018-03-14 09:41:01 [INFO ] [SignInPage] - [enterTelephoneNumber] Telephone Number entered...
2018-03-14 09:41:02 [INFO ] [SignInPage] - [enterPassword] Password entered...
2018-03-14 09:41:02 [INFO ] [SignInPage] - [enterConfirmPassowrd] Confirm Password entered...
2018-03-14 09:41:04 [INFO ] [SignInPage] - [clickSubmitButton] Submit Button clicked...
2018-03-14 09:41:04 [INFO ] [SignInPage] - [verifySuccessAccountCreationMessage] Account Creation successful...
2018-03-14 09:42:59 [INFO ] [SignInPage] - [newCustomerContinue] Create New User Button clicked...
2018-03-14 09:42:59 [INFO ] [SignInPage] - [clickGender] Gender Option clicked...
2018-03-14 09:42:59 [INFO ] [SignInPage] - [enterFirstName] First Name entered...
2018-03-14 09:42:59 [INFO ] [SignInPage] - [enterLastName] Last Name entered...
2018-03-14 09:43:00 [INFO ] [SignInPage] - [enterBirthDate] Date Of Birth entered...
2018-03-14 09:43:00 [INFO ] [SignInPage] - [enterEmail] Email address entered...
2018-03-14 09:43:01 [INFO ] [SignInPage] - [enterCompanyName] Company Name entered...
2018-03-14 09:43:01 [INFO ] [SignInPage] - [enterAddress] Address entered...
2018-03-14 09:43:01 [INFO ] [SignInPage] - [enterPostalCode] Postal Code entered...
2018-03-14 09:43:01 [INFO ] [SignInPage] - [enterCity] City entered...
2018-03-14 09:43:01 [INFO ] [SignInPage] - [enterState] State entered...
2018-03-14 09:43:02 [INFO ] [DropDownHelper] - [selectByVisibleText] Element : [[ChromeDriver: chrome on XP (80ffabf544c307b1950263f134478dbc)] -> name: country]Visible Text : India
2018-03-14 09:43:02 [INFO ] [SignInPage] - [selectCounty] County selected...
2018-03-14 09:43:02 [INFO ] [SignInPage] - [enterTelephoneNumber] Telephone Number entered...
2018-03-14 09:43:02 [INFO ] [SignInPage] - [enterPassword] Password entered...
2018-03-14 09:43:02 [INFO ] [SignInPage] - [enterConfirmPassowrd] Confirm Password entered...
2018-03-14 09:43:08 [INFO ] [SignInPage] - [clickSubmitButton] Submit Button clicked...
2018-03-14 09:43:08 [INFO ] [SignInPage] - [verifySuccessAccountCreationMessage] Account Creation successful...
